<?xml version="1.0" encoding="UTF-8"?>
<!-- Generated by org.testng.reporters.JUnitReportReporter -->
<testsuite hostname="DESKTOP-5JEQFTU" failures="0" tests="1" name="com.restAPI.apiTest.Test" time="4.172" errors="0" timestamp="2023-12-05T23:35:18 IST" skipped="0">
  <testcase classname="com.restAPI.apiTest.Test" name="test2" time="4.172"/>
  <system-out/>
</testsuite> <!-- com.restAPI.apiTest.Test -->
