<?xml version="1.0" encoding="UTF-8"?>
<!-- Generated by org.testng.reporters.JUnitReportReporter -->
<testsuite hostname="DESKTOP-5JEQFTU" failures="0" tests="1" name="com.restAPI.apiTest.BookerApi" time="3.053" errors="0" timestamp="2023-12-17T14:57:13 IST" skipped="0">
  <testcase classname="com.restAPI.apiTest.BookerApi" name="postAPI" time="3.053"/>
  <system-out/>
</testsuite> <!-- com.restAPI.apiTest.BookerApi -->
